app/Wallet/Wallet.apk
app/Books/Books.apk
app/CalendarGooglePrebuilt/CalendarGooglePrebuilt.apk
app/GoogleCalendarSyncAdapter/GoogleCalendarSyncAdapter.apk
app/GoogleCamera/GoogleCamera.apk
app/Chrome/Chrome.apk
app/PrebuiltDeskClockGoogle/PrebuiltDeskClockGoogle.apk
app/CloudPrint2/CloudPrint2.apk
app/EditorsDocs/EditorsDocs.apk
app/Drive/Drive.apk
app/GoogleEars/GoogleEars.apk
app/GoogleEarth/GoogleEarth.apk
app/PrebuiltExchange3Google/PrebuiltExchange3Google.apk
lib/libfilterpack_facedetect.so
app/FaceLock/FaceLock.apk
lib/libfacelock_jni.so
vendor/pittpatt/models/recognition/face.face.y0-y0-71-N-tree_7-wmd.bin
vendor/pittpatt/models/detection/yaw_roll_face_detectors.7.1/head-y0-yi45-p0-pi45-rp30-ri30.5-v24-tree7-2-wmd.bin
vendor/pittpatt/models/detection/yaw_roll_face_detectors.7.1/head-y0-yi45-p0-pi45-rn30-ri30.5-v24-tree7-2-wmd.bin
vendor/pittpatt/models/detection/yaw_roll_face_detectors.7.1/pose-r.8.1.bin
vendor/pittpatt/models/detection/yaw_roll_face_detectors.7.1/head-y0-yi45-p0-pi45-r0-ri30.4a-v24-tree7-2-wmd.bin
vendor/pittpatt/models/detection/yaw_roll_face_detectors.7.1/pose-y-r.8.1.bin
vendor/pittpatt/models/detection/multi_pose_face_landmark_detectors.8/right_eye-y0-yi45-p0-pi45-r0-ri20.lg_32-3-tree7-wmd.bin
vendor/pittpatt/models/detection/multi_pose_face_landmark_detectors.8/left_eye-y0-yi45-p0-pi45-r0-ri20.lg_32-tree7-wmd.bin
vendor/pittpatt/models/detection/multi_pose_face_landmark_detectors.8/landmark_group_meta_data.bin
vendor/pittpatt/models/detection/multi_pose_face_landmark_detectors.8/nose_base-y0-yi45-p0-pi45-r0-ri20.lg_32-tree7-wmd.bin
vendor/lib/libfrsdk.so
app/FitnessPrebuilt/FitnessPrebuilt.apk
app/PrebuiltGmail/PrebuiltGmail.apk
app/GoogleHome/GoogleHome.apk
app/PlusOne/PlusOne.apk
app/GoogleTTS/GoogleTTS.apk
app/Hangouts/Hangouts.apk
app/PrebuiltKeep/PrebuiltKeep.apk
app/LatinImeGoogle/LatinImeGoogle.apk
app/Maps/Maps.apk
app/PrebuiltBugle/PrebuiltBugle.apk
app/Videos/Videos.apk
app/Music2/Music2.apk
app/Newsstand/Newsstand.apk
app/PrebuiltNewsWeather/PrebuiltNewsWeather.apk
app/Photos/Photos.apk
app/PlayGames/PlayGames.apk
priv-app/Velvet/Velvet.apk
app/EditorsSheets/EditorsSheets.apk
app/EditorsSlides/EditorsSlides.apk
usr/srec/en-US/action.pumpkin
usr/srec/en-US/lexicon.U.fst
usr/srec/en-US/endpointer_dictation.config
usr/srec/en-US/dist_belief
usr/srec/en-US/normalizer.mfar
usr/srec/en-US/phonelist.syms
usr/srec/en-US/config.pumpkin
usr/srec/en-US/compile_grammar.config
usr/srec/en-US/lstm_model.uint8.data
usr/srec/en-US/hmm_symbols
usr/srec/en-US/c_fst
usr/srec/en-US/endpointer_model.mmap
usr/srec/en-US/magic_mic.config
usr/srec/en-US/metadata
usr/srec/en-US/graphemes.syms
usr/srec/en-US/grammar.config
usr/srec/en-US/offensive_word_normalizer.mfar
usr/srec/en-US/dnn
usr/srec/en-US/voice_actions.config
usr/srec/en-US/CONTACTS.syms
usr/srec/en-US/hmmlist
usr/srec/en-US/endpointer_voicesearch.config
usr/srec/en-US/dict
usr/srec/en-US/contacts.abnf
usr/srec/en-US/voice_actions_compiler.config
usr/srec/en-US/rescoring.fst.louds
usr/srec/en-US/CLG.prewalk.fst
usr/srec/en-US/CONTACTS.fst
usr/srec/en-US/commands.abnf
usr/srec/en-US/semantics.pumpkin
usr/srec/en-US/dictation.config
usr/srec/en-US/input_mean_std_dev
usr/srec/en-US/class_normalizer.mfar
usr/srec/en-US/g2p.data
usr/srec/en-US/norm_fst
usr/srec/en-US/wordlist.syms
usr/srec/en-US/phonelist
usr/srec/en-US/g2p_fst
usr/srec/en-US/phonemes.syms
app/Street/Street.apk
priv-app/TagGoogle/TagGoogle.apk
app/talkback/talkback.apk
app/WebViewGoogle/WebViewGoogle.apk
app/YouTube/YouTube.apk
